<?xml version="1.0" encoding="UTF-8"?>
<!-- Generated by org.testng.reporters.JUnitXMLReporter -->
<testsuite ignored="0" hostname="DESKTOP-7F44H94" failures="0" tests="9" name="Test" time="0.049" errors="0" timestamp="2021-04-22T15:39:41 IST">
  <testcase classname="org.testng.E" name="AZ4" time="0.007"/>
  <testcase classname="org.testng.E" name="AZ5" time="0.001"/>
  <testcase classname="org.testng.E" name="AZ6" time="0.001"/>
  <testcase classname="org.testng.F" name="AZ7" time="0.001"/>
  <testcase classname="org.testng.F" name="AZ8" time="0.001"/>
  <testcase classname="org.testng.F" name="AZ9" time="0.001"/>
  <testcase classname="org.testng.D" name="AZ1" time="0.002"/>
  <testcase classname="org.testng.D" name="AZ2" time="0.001"/>
  <testcase classname="org.testng.D" name="AZ3" time="0.0"/>
</testsuite> <!-- Test -->
